[13:23:49] Explicit valence for atom # 26 N, 4, is greater than permitted
[13:23:49] ERROR: Could not sanitize molecule ending on line 436951
[13:23:49] ERROR: Explicit valence for atom # 26 N, 4, is greater than permitted
[13:23:49] Explicit valence for atom # 1 N, 4, is greater than permitted
[13:23:49] ERROR: Could not sanitize molecule ending on line 484232
[13:23:49] ERROR: Explicit valence for atom # 1 N, 4, is greater than permitted
[13:23:49] Explicit valence for atom # 20 N, 4, is greater than permitted
[13:23:49] ERROR: Could not sanitize molecule ending on line 573487
[13:23:49] ERROR: Explicit valence for atom # 20 N, 4, is greater than permitted
[13:23:49] Explicit valence for atom # 1 N, 4, is greater than permitted
[13:23:49] ERROR: Could not sanitize molecule ending on line 611387
[13:23:49] ERROR: Explicit valence for atom # 1 N, 4, is greater than permitted
[13:23:49] Explicit valence for atom # 1 N, 4, is greater than permitted
[13:23:49] ERROR: Could not sanitize molecule ending on line 611474
[13:23:49] ERROR: Explicit valence for atom # 1 N, 4, is greater than permitted
[13:23:49] Explicit valence for atom # 1 N, 4, is greater than permitted
[13:23:49] ERROR: Could not sanitize molecule ending on line 611561
[13:23:49] ERROR: Explicit valence for atom # 1 N, 4, is greater than permitted
[13:23:49] Explicit valence for atom # 20 N, 4, is greater than permitted
[13:23:49] ERROR: Could not sanitize molecule ending on line 618782
[13:23:49] ERROR: Explicit valence for atom # 20 N, 4, is greater than permitted
[13:23:49] Explicit valence for atom # 19 N, 4, is greater than permitted
[13:23:49] ERROR: Could not sanitize molecule ending on line 690810
[13:23:49] ERROR: Explicit valence for atom # 19 N, 4, is greater than permitted
[13:23:49] Explicit valence for atom # 19 N, 4, is greater than permitted
[13:23:49] ERROR: Could not sanitize molecule ending on line 690987
[13:23:49] ERROR: Explicit valence for atom # 19 N, 4, is greater than permitted
[13:23:49] Explicit valence for atom # 14 N, 4, is greater than permitted
[13:23:49] ERROR: Could not sanitize molecule ending on line 722429
[13:23:49] ERROR: Explicit valence for atom # 14 N, 4, is greater than permitted
[13:23:49] Explicit valence for atom # 0 N, 4, is greater than permitted
[13:23:49] ERROR: Could not sanitize molecule ending on line 741894
[13:23:49] ERROR: Explicit valence for atom # 0 N, 4, is greater than permitted
[13:29:50] Explicit valence for atom # 26 N, 4, is greater than permitted
[13:29:50] ERROR: Could not sanitize molecule ending on line 436951
[13:29:50] ERROR: Explicit valence for atom # 26 N, 4, is greater than permitted
[13:29:54] Explicit valence for atom # 1 N, 4, is greater than permitted
[13:29:54] ERROR: Could not sanitize molecule ending on line 484232
[13:29:54] ERROR: Explicit valence for atom # 1 N, 4, is greater than permitted
[13:30:00] Explicit valence for atom # 20 N, 4, is greater than permitted
[13:30:00] ERROR: Could not sanitize molecule ending on line 573487
[13:30:00] ERROR: Explicit valence for atom # 20 N, 4, is greater than permitted
[13:30:03] Explicit valence for atom # 1 N, 4, is greater than permitted
[13:30:03] ERROR: Could not sanitize molecule ending on line 611387
[13:30:03] ERROR: Explicit valence for atom # 1 N, 4, is greater than permitted
[13:30:03] Explicit valence for atom # 1 N, 4, is greater than permitted
[13:30:03] ERROR: Could not sanitize molecule ending on line 611474
[13:30:03] ERROR: Explicit valence for atom # 1 N, 4, is greater than permitted
[13:30:03] Explicit valence for atom # 1 N, 4, is greater than permitted
[13:30:03] ERROR: Could not sanitize molecule ending on line 611561
[13:30:03] ERROR: Explicit valence for atom # 1 N, 4, is greater than permitted
[13:30:04] Explicit valence for atom # 20 N, 4, is greater than permitted
[13:30:04] ERROR: Could not sanitize molecule ending on line 618782
[13:30:04] ERROR: Explicit valence for atom # 20 N, 4, is greater than permitted
[13:30:09] Explicit valence for atom # 19 N, 4, is greater than permitted
[13:30:09] ERROR: Could not sanitize molecule ending on line 690810
[13:30:09] ERROR: Explicit valence for atom # 19 N, 4, is greater than permitted
[13:30:09] Explicit valence for atom # 19 N, 4, is greater than permitted
[13:30:09] ERROR: Could not sanitize molecule ending on line 690987
[13:30:09] ERROR: Explicit valence for atom # 19 N, 4, is greater than permitted
[13:30:11] Explicit valence for atom # 14 N, 4, is greater than permitted
[13:30:11] ERROR: Could not sanitize molecule ending on line 722429
[13:30:11] ERROR: Explicit valence for atom # 14 N, 4, is greater than permitted
[13:30:13] Explicit valence for atom # 0 N, 4, is greater than permitted
[13:30:13] ERROR: Could not sanitize molecule ending on line 741894
[13:30:13] ERROR: Explicit valence for atom # 0 N, 4, is greater than permitted
[13:43:17] Explicit valence for atom # 26 N, 4, is greater than permitted
[13:43:17] ERROR: Could not sanitize molecule ending on line 436951
[13:43:17] ERROR: Explicit valence for atom # 26 N, 4, is greater than permitted
[13:43:17] Explicit valence for atom # 1 N, 4, is greater than permitted
[13:43:17] ERROR: Could not sanitize molecule ending on line 484232
[13:43:17] ERROR: Explicit valence for atom # 1 N, 4, is greater than permitted
[13:43:17] Explicit valence for atom # 20 N, 4, is greater than permitted
[13:43:17] ERROR: Could not sanitize molecule ending on line 573487
[13:43:17] ERROR: Explicit valence for atom # 20 N, 4, is greater than permitted
[13:43:17] Explicit valence for atom # 1 N, 4, is greater than permitted
[13:43:17] ERROR: Could not sanitize molecule ending on line 611387
[13:43:17] ERROR: Explicit valence for atom # 1 N, 4, is greater than permitted
[13:43:17] Explicit valence for atom # 1 N, 4, is greater than permitted
[13:43:17] ERROR: Could not sanitize molecule ending on line 611474
[13:43:17] ERROR: Explicit valence for atom # 1 N, 4, is greater than permitted
[13:43:17] Explicit valence for atom # 1 N, 4, is greater than permitted
[13:43:17] ERROR: Could not sanitize molecule ending on line 611561
[13:43:17] ERROR: Explicit valence for atom # 1 N, 4, is greater than permitted
[13:43:17] Explicit valence for atom # 20 N, 4, is greater than permitted
[13:43:17] ERROR: Could not sanitize molecule ending on line 618782
[13:43:17] ERROR: Explicit valence for atom # 20 N, 4, is greater than permitted
[13:43:17] Explicit valence for atom # 19 N, 4, is greater than permitted
[13:43:17] ERROR: Could not sanitize molecule ending on line 690810
[13:43:17] ERROR: Explicit valence for atom # 19 N, 4, is greater than permitted
[13:43:17] Explicit valence for atom # 19 N, 4, is greater than permitted
[13:43:17] ERROR: Could not sanitize molecule ending on line 690987
[13:43:17] ERROR: Explicit valence for atom # 19 N, 4, is greater than permitted
[13:43:17] Explicit valence for atom # 14 N, 4, is greater than permitted
[13:43:17] ERROR: Could not sanitize molecule ending on line 722429
[13:43:17] ERROR: Explicit valence for atom # 14 N, 4, is greater than permitted
[13:43:18] Explicit valence for atom # 0 N, 4, is greater than permitted
[13:43:18] ERROR: Could not sanitize molecule ending on line 741894
[13:43:18] ERROR: Explicit valence for atom # 0 N, 4, is greater than permitted
[13:46:14] Explicit valence for atom # 26 N, 4, is greater than permitted
[13:46:14] ERROR: Could not sanitize molecule ending on line 436951
[13:46:14] ERROR: Explicit valence for atom # 26 N, 4, is greater than permitted
[13:46:15] Explicit valence for atom # 1 N, 4, is greater than permitted
[13:46:15] ERROR: Could not sanitize molecule ending on line 484232
[13:46:15] ERROR: Explicit valence for atom # 1 N, 4, is greater than permitted
[13:46:15] Explicit valence for atom # 20 N, 4, is greater than permitted
[13:46:15] ERROR: Could not sanitize molecule ending on line 573487
[13:46:15] ERROR: Explicit valence for atom # 20 N, 4, is greater than permitted
[13:46:15] Explicit valence for atom # 1 N, 4, is greater than permitted
[13:46:15] ERROR: Could not sanitize molecule ending on line 611387
[13:46:15] ERROR: Explicit valence for atom # 1 N, 4, is greater than permitted
[13:46:15] Explicit valence for atom # 1 N, 4, is greater than permitted
[13:46:15] ERROR: Could not sanitize molecule ending on line 611474
[13:46:15] ERROR: Explicit valence for atom # 1 N, 4, is greater than permitted
[13:46:15] Explicit valence for atom # 1 N, 4, is greater than permitted
[13:46:15] ERROR: Could not sanitize molecule ending on line 611561
[13:46:15] ERROR: Explicit valence for atom # 1 N, 4, is greater than permitted
[13:46:15] Explicit valence for atom # 20 N, 4, is greater than permitted
[13:46:15] ERROR: Could not sanitize molecule ending on line 618782
[13:46:15] ERROR: Explicit valence for atom # 20 N, 4, is greater than permitted
[13:46:15] Explicit valence for atom # 19 N, 4, is greater than permitted
[13:46:15] ERROR: Could not sanitize molecule ending on line 690810
[13:46:15] ERROR: Explicit valence for atom # 19 N, 4, is greater than permitted
[13:46:15] Explicit valence for atom # 19 N, 4, is greater than permitted
[13:46:15] ERROR: Could not sanitize molecule ending on line 690987
[13:46:15] ERROR: Explicit valence for atom # 19 N, 4, is greater than permitted
[13:46:15] Explicit valence for atom # 14 N, 4, is greater than permitted
[13:46:15] ERROR: Could not sanitize molecule ending on line 722429
[13:46:15] ERROR: Explicit valence for atom # 14 N, 4, is greater than permitted
[13:46:15] Explicit valence for atom # 0 N, 4, is greater than permitted
[13:46:15] ERROR: Could not sanitize molecule ending on line 741894
[13:46:15] ERROR: Explicit valence for atom # 0 N, 4, is greater than permitted
[13:46:39] Explicit valence for atom # 26 N, 4, is greater than permitted
[13:46:39] ERROR: Could not sanitize molecule ending on line 436951
[13:46:39] ERROR: Explicit valence for atom # 26 N, 4, is greater than permitted
[13:46:39] Explicit valence for atom # 1 N, 4, is greater than permitted
[13:46:39] ERROR: Could not sanitize molecule ending on line 484232
[13:46:39] ERROR: Explicit valence for atom # 1 N, 4, is greater than permitted
[13:46:39] Explicit valence for atom # 20 N, 4, is greater than permitted
[13:46:39] ERROR: Could not sanitize molecule ending on line 573487
[13:46:39] ERROR: Explicit valence for atom # 20 N, 4, is greater than permitted
[13:46:39] Explicit valence for atom # 1 N, 4, is greater than permitted
[13:46:39] ERROR: Could not sanitize molecule ending on line 611387
[13:46:39] ERROR: Explicit valence for atom # 1 N, 4, is greater than permitted
[13:46:39] Explicit valence for atom # 1 N, 4, is greater than permitted
[13:46:39] ERROR: Could not sanitize molecule ending on line 611474
[13:46:39] ERROR: Explicit valence for atom # 1 N, 4, is greater than permitted
[13:46:39] Explicit valence for atom # 1 N, 4, is greater than permitted
[13:46:39] ERROR: Could not sanitize molecule ending on line 611561
[13:46:39] ERROR: Explicit valence for atom # 1 N, 4, is greater than permitted
[13:46:39] Explicit valence for atom # 20 N, 4, is greater than permitted
[13:46:39] ERROR: Could not sanitize molecule ending on line 618782
[13:46:39] ERROR: Explicit valence for atom # 20 N, 4, is greater than permitted
[13:46:39] Explicit valence for atom # 19 N, 4, is greater than permitted
[13:46:39] ERROR: Could not sanitize molecule ending on line 690810
[13:46:39] ERROR: Explicit valence for atom # 19 N, 4, is greater than permitted
[13:46:39] Explicit valence for atom # 19 N, 4, is greater than permitted
[13:46:39] ERROR: Could not sanitize molecule ending on line 690987
[13:46:39] ERROR: Explicit valence for atom # 19 N, 4, is greater than permitted
[13:46:39] Explicit valence for atom # 14 N, 4, is greater than permitted
[13:46:39] ERROR: Could not sanitize molecule ending on line 722429
[13:46:39] ERROR: Explicit valence for atom # 14 N, 4, is greater than permitted
[13:46:39] Explicit valence for atom # 0 N, 4, is greater than permitted
[13:46:39] ERROR: Could not sanitize molecule ending on line 741894
[13:46:39] ERROR: Explicit valence for atom # 0 N, 4, is greater than permitted
[13:47:31] Explicit valence for atom # 26 N, 4, is greater than permitted
[13:47:31] ERROR: Could not sanitize molecule ending on line 436951
[13:47:31] ERROR: Explicit valence for atom # 26 N, 4, is greater than permitted
[13:47:31] Explicit valence for atom # 1 N, 4, is greater than permitted
[13:47:31] ERROR: Could not sanitize molecule ending on line 484232
[13:47:31] ERROR: Explicit valence for atom # 1 N, 4, is greater than permitted
[13:47:31] Explicit valence for atom # 20 N, 4, is greater than permitted
[13:47:31] ERROR: Could not sanitize molecule ending on line 573487
[13:47:31] ERROR: Explicit valence for atom # 20 N, 4, is greater than permitted
[13:47:31] Explicit valence for atom # 1 N, 4, is greater than permitted
[13:47:31] ERROR: Could not sanitize molecule ending on line 611387
[13:47:31] ERROR: Explicit valence for atom # 1 N, 4, is greater than permitted
[13:47:31] Explicit valence for atom # 1 N, 4, is greater than permitted
[13:47:31] ERROR: Could not sanitize molecule ending on line 611474
[13:47:31] ERROR: Explicit valence for atom # 1 N, 4, is greater than permitted
[13:47:31] Explicit valence for atom # 1 N, 4, is greater than permitted
[13:47:31] ERROR: Could not sanitize molecule ending on line 611561
[13:47:31] ERROR: Explicit valence for atom # 1 N, 4, is greater than permitted
[13:47:31] Explicit valence for atom # 20 N, 4, is greater than permitted
[13:47:31] ERROR: Could not sanitize molecule ending on line 618782
[13:47:31] ERROR: Explicit valence for atom # 20 N, 4, is greater than permitted
[13:47:32] Explicit valence for atom # 19 N, 4, is greater than permitted
[13:47:32] ERROR: Could not sanitize molecule ending on line 690810
[13:47:32] ERROR: Explicit valence for atom # 19 N, 4, is greater than permitted
[13:47:32] Explicit valence for atom # 19 N, 4, is greater than permitted
[13:47:32] ERROR: Could not sanitize molecule ending on line 690987
[13:47:32] ERROR: Explicit valence for atom # 19 N, 4, is greater than permitted
[13:47:32] Explicit valence for atom # 14 N, 4, is greater than permitted
[13:47:32] ERROR: Could not sanitize molecule ending on line 722429
[13:47:32] ERROR: Explicit valence for atom # 14 N, 4, is greater than permitted
[13:47:32] Explicit valence for atom # 0 N, 4, is greater than permitted
[13:47:32] ERROR: Could not sanitize molecule ending on line 741894
[13:47:32] ERROR: Explicit valence for atom # 0 N, 4, is greater than permitted
[13:48:19] Explicit valence for atom # 26 N, 4, is greater than permitted
[13:48:19] ERROR: Could not sanitize molecule ending on line 436951
[13:48:19] ERROR: Explicit valence for atom # 26 N, 4, is greater than permitted
[13:48:19] Explicit valence for atom # 1 N, 4, is greater than permitted
[13:48:19] ERROR: Could not sanitize molecule ending on line 484232
[13:48:19] ERROR: Explicit valence for atom # 1 N, 4, is greater than permitted
[13:48:20] Explicit valence for atom # 20 N, 4, is greater than permitted
[13:48:20] ERROR: Could not sanitize molecule ending on line 573487
[13:48:20] ERROR: Explicit valence for atom # 20 N, 4, is greater than permitted
[13:48:20] Explicit valence for atom # 1 N, 4, is greater than permitted
[13:48:20] ERROR: Could not sanitize molecule ending on line 611387
[13:48:20] ERROR: Explicit valence for atom # 1 N, 4, is greater than permitted
[13:48:20] Explicit valence for atom # 1 N, 4, is greater than permitted
[13:48:20] ERROR: Could not sanitize molecule ending on line 611474
[13:48:20] ERROR: Explicit valence for atom # 1 N, 4, is greater than permitted
[13:48:20] Explicit valence for atom # 1 N, 4, is greater than permitted
[13:48:20] ERROR: Could not sanitize molecule ending on line 611561
[13:48:20] ERROR: Explicit valence for atom # 1 N, 4, is greater than permitted
[13:48:20] Explicit valence for atom # 20 N, 4, is greater than permitted
[13:48:20] ERROR: Could not sanitize molecule ending on line 618782
[13:48:20] ERROR: Explicit valence for atom # 20 N, 4, is greater than permitted
[13:48:20] Explicit valence for atom # 19 N, 4, is greater than permitted
[13:48:20] ERROR: Could not sanitize molecule ending on line 690810
[13:48:20] ERROR: Explicit valence for atom # 19 N, 4, is greater than permitted
[13:48:20] Explicit valence for atom # 19 N, 4, is greater than permitted
[13:48:20] ERROR: Could not sanitize molecule ending on line 690987
[13:48:20] ERROR: Explicit valence for atom # 19 N, 4, is greater than permitted
[13:48:20] Explicit valence for atom # 14 N, 4, is greater than permitted
[13:48:20] ERROR: Could not sanitize molecule ending on line 722429
[13:48:20] ERROR: Explicit valence for atom # 14 N, 4, is greater than permitted
[13:48:20] Explicit valence for atom # 0 N, 4, is greater than permitted
[13:48:20] ERROR: Could not sanitize molecule ending on line 741894
[13:48:20] ERROR: Explicit valence for atom # 0 N, 4, is greater than permitted
[13:48:21] Explicit valence for atom # 26 N, 4, is greater than permitted
[13:48:21] ERROR: Could not sanitize molecule ending on line 436951
[13:48:21] ERROR: Explicit valence for atom # 26 N, 4, is greater than permitted
[13:48:21] Explicit valence for atom # 1 N, 4, is greater than permitted
[13:48:21] ERROR: Could not sanitize molecule ending on line 484232
[13:48:21] ERROR: Explicit valence for atom # 1 N, 4, is greater than permitted
[13:48:22] Explicit valence for atom # 20 N, 4, is greater than permitted
[13:48:22] ERROR: Could not sanitize molecule ending on line 573487
[13:48:22] ERROR: Explicit valence for atom # 20 N, 4, is greater than permitted
[13:48:22] Explicit valence for atom # 1 N, 4, is greater than permitted
[13:48:22] ERROR: Could not sanitize molecule ending on line 611387
[13:48:22] ERROR: Explicit valence for atom # 1 N, 4, is greater than permitted
[13:48:22] Explicit valence for atom # 1 N, 4, is greater than permitted
[13:48:22] ERROR: Could not sanitize molecule ending on line 611474
[13:48:22] ERROR: Explicit valence for atom # 1 N, 4, is greater than permitted
[13:48:22] Explicit valence for atom # 1 N, 4, is greater than permitted
[13:48:22] ERROR: Could not sanitize molecule ending on line 611561
[13:48:22] ERROR: Explicit valence for atom # 1 N, 4, is greater than permitted
[13:48:22] Explicit valence for atom # 20 N, 4, is greater than permitted
[13:48:22] ERROR: Could not sanitize molecule ending on line 618782
[13:48:22] ERROR: Explicit valence for atom # 20 N, 4, is greater than permitted
[13:48:22] Explicit valence for atom # 19 N, 4, is greater than permitted
[13:48:22] ERROR: Could not sanitize molecule ending on line 690810
[13:48:22] ERROR: Explicit valence for atom # 19 N, 4, is greater than permitted
[13:48:22] Explicit valence for atom # 19 N, 4, is greater than permitted
[13:48:22] ERROR: Could not sanitize molecule ending on line 690987
[13:48:22] ERROR: Explicit valence for atom # 19 N, 4, is greater than permitted
[13:48:22] Explicit valence for atom # 14 N, 4, is greater than permitted
[13:48:22] ERROR: Could not sanitize molecule ending on line 722429
[13:48:22] ERROR: Explicit valence for atom # 14 N, 4, is greater than permitted
[13:48:22] Explicit valence for atom # 0 N, 4, is greater than permitted
[13:48:22] ERROR: Could not sanitize molecule ending on line 741894
[13:48:22] ERROR: Explicit valence for atom # 0 N, 4, is greater than permitted
[13:50:30] Explicit valence for atom # 26 N, 4, is greater than permitted
[13:50:30] ERROR: Could not sanitize molecule ending on line 436951
[13:50:30] ERROR: Explicit valence for atom # 26 N, 4, is greater than permitted
[13:50:30] Explicit valence for atom # 1 N, 4, is greater than permitted
[13:50:30] ERROR: Could not sanitize molecule ending on line 484232
[13:50:30] ERROR: Explicit valence for atom # 1 N, 4, is greater than permitted
[13:50:30] Explicit valence for atom # 20 N, 4, is greater than permitted
[13:50:30] ERROR: Could not sanitize molecule ending on line 573487
[13:50:30] ERROR: Explicit valence for atom # 20 N, 4, is greater than permitted
[13:50:30] Explicit valence for atom # 1 N, 4, is greater than permitted
[13:50:30] ERROR: Could not sanitize molecule ending on line 611387
[13:50:30] ERROR: Explicit valence for atom # 1 N, 4, is greater than permitted
[13:50:30] Explicit valence for atom # 1 N, 4, is greater than permitted
[13:50:30] ERROR: Could not sanitize molecule ending on line 611474
[13:50:30] ERROR: Explicit valence for atom # 1 N, 4, is greater than permitted
[13:50:30] Explicit valence for atom # 1 N, 4, is greater than permitted
[13:50:30] ERROR: Could not sanitize molecule ending on line 611561
[13:50:30] ERROR: Explicit valence for atom # 1 N, 4, is greater than permitted
[13:50:30] Explicit valence for atom # 20 N, 4, is greater than permitted
[13:50:30] ERROR: Could not sanitize molecule ending on line 618782
[13:50:30] ERROR: Explicit valence for atom # 20 N, 4, is greater than permitted
[13:50:30] Explicit valence for atom # 19 N, 4, is greater than permitted
[13:50:30] ERROR: Could not sanitize molecule ending on line 690810
[13:50:30] ERROR: Explicit valence for atom # 19 N, 4, is greater than permitted
[13:50:30] Explicit valence for atom # 19 N, 4, is greater than permitted
[13:50:30] ERROR: Could not sanitize molecule ending on line 690987
[13:50:30] ERROR: Explicit valence for atom # 19 N, 4, is greater than permitted
[13:50:30] Explicit valence for atom # 14 N, 4, is greater than permitted
[13:50:31] ERROR: Could not sanitize molecule ending on line 722429
[13:50:31] ERROR: Explicit valence for atom # 14 N, 4, is greater than permitted
[13:50:31] Explicit valence for atom # 0 N, 4, is greater than permitted
[13:50:31] ERROR: Could not sanitize molecule ending on line 741894
[13:50:31] ERROR: Explicit valence for atom # 0 N, 4, is greater than permitted
/var/folders/2c/b9b_8fbs13j5zcz4wv9bqqjm0000gn/T/ipykernel_53954/1617452531.py:3: SettingWithCopyWarning: 
A value is trying to be set on a copy of a slice from a DataFrame.
Try using .loc[row_indexer,col_indexer] = value instead

See the caveats in the documentation: https://pandas.pydata.org/pandas-docs/stable/user_guide/indexing.html#returning-a-view-versus-a-copy
  df['Pfam_Identifier'] = None
/var/folders/2c/b9b_8fbs13j5zcz4wv9bqqjm0000gn/T/ipykernel_53954/2343304130.py:3: SettingWithCopyWarning: 
A value is trying to be set on a copy of a slice from a DataFrame.
Try using .loc[row_indexer,col_indexer] = value instead

See the caveats in the documentation: https://pandas.pydata.org/pandas-docs/stable/user_guide/indexing.html#returning-a-view-versus-a-copy
  df['Pfam_Identifier'] = None
/var/folders/2c/b9b_8fbs13j5zcz4wv9bqqjm0000gn/T/ipykernel_53954/2343304130.py:3: SettingWithCopyWarning: 
A value is trying to be set on a copy of a slice from a DataFrame.
Try using .loc[row_indexer,col_indexer] = value instead

See the caveats in the documentation: https://pandas.pydata.org/pandas-docs/stable/user_guide/indexing.html#returning-a-view-versus-a-copy
  df['Pfam_Identifier'] = None
